<?xml version="1.0" encoding="UTF-8"?>
<!-- Generated by org.testng.reporters.JUnitReportReporter -->
<testsuite skipped="0" hostname="ip-172-31-31-5" name="goRest.GETUser" tests="1" failures="0" timestamp="2022-10-06T07:22:38 UTC" time="2.041" errors="0">
  <testcase name="getData" time="2.041" classname="goRest.GETUser"/>
  <system-out/>
</testsuite> <!-- goRest.GETUser -->
