<?xml version="1.0" encoding="UTF-8"?>
<!-- Generated by org.testng.reporters.JUnitReportReporter -->
<testsuite skipped="0" hostname="ip-172-31-31-5" name="goRest.UPDATEUser" tests="1" failures="0" timestamp="2022-10-06T08:16:59 UTC" time="3.090" errors="0">
  <testcase name="updateResource" time="3.090" classname="goRest.UPDATEUser"/>
  <system-out/>
</testsuite> <!-- goRest.UPDATEUser -->
