<?xml version="1.0" encoding="UTF-8"?>
<!-- Generated by org.testng.reporters.JUnitReportReporter -->
<testsuite skipped="0" hostname="ip-172-31-31-5" name="goRest.CREATEUser" tests="1" failures="0" timestamp="2022-10-06T07:14:08 UTC" time="1.856" errors="0">
  <testcase name="createData" time="1.856" classname="goRest.CREATEUser"/>
  <system-out/>
</testsuite> <!-- goRest.CREATEUser -->
